2020-07-20 08:39:08.438  INFO [users-ws,,,] 10756 --- [restartedMain] c.c.c.ConfigServicePropertySourceLocator : Fetching config from server at : http://localhost:8012
2020-07-20 08:39:09.040  INFO [users-ws,,,] 10756 --- [restartedMain] c.c.c.ConfigServicePropertySourceLocator : Located environment: name=users-ws, profiles=[default], label=null, version=b5e203f15686e5ab58a92cf7757f293ce2674982, state=null
2020-07-20 08:39:09.041  INFO [users-ws,,,] 10756 --- [restartedMain] b.c.PropertySourceBootstrapConfiguration : Located property source: [BootstrapPropertySource {name='bootstrapProperties-configClient'}, BootstrapPropertySource {name='bootstrapProperties-https://github.com/alernerdev/PhotoAppConfigurationData/users-ws.properties'}, BootstrapPropertySource {name='bootstrapProperties-https://github.com/alernerdev/PhotoAppConfigurationData/application.properties'}]
2020-07-20 08:39:09.084  INFO [users-ws,,,] 10756 --- [restartedMain] c.p.app.ws.MobileAppWsApplication        : No active profile set, falling back to default profiles: default
2020-07-20 08:39:10.291  WARN [users-ws,,,] 10756 --- [restartedMain] o.s.boot.actuate.endpoint.EndpointId     : Endpoint ID 'bus-env' contains invalid characters, please migrate to a valid format.
2020-07-20 08:39:10.610  INFO [users-ws,,,] 10756 --- [restartedMain] .s.d.r.c.RepositoryConfigurationDelegate : Bootstrapping Spring Data JPA repositories in DEFERRED mode.
2020-07-20 08:39:10.707  INFO [users-ws,,,] 10756 --- [restartedMain] .s.d.r.c.RepositoryConfigurationDelegate : Finished Spring Data repository scanning in 83ms. Found 1 JPA repository interfaces.
2020-07-20 08:39:10.792  WARN [users-ws,,,] 10756 --- [restartedMain] o.s.boot.actuate.endpoint.EndpointId     : Endpoint ID 'bus-refresh' contains invalid characters, please migrate to a valid format.
2020-07-20 08:39:10.867  WARN [users-ws,,,] 10756 --- [restartedMain] o.s.boot.actuate.endpoint.EndpointId     : Endpoint ID 'service-registry' contains invalid characters, please migrate to a valid format.
2020-07-20 08:39:10.963  WARN [users-ws,,,] 10756 --- [restartedMain] o.s.boot.actuate.endpoint.EndpointId     : Endpoint ID 'hystrix.stream' contains invalid characters, please migrate to a valid format.
2020-07-20 08:39:11.222  INFO [users-ws,,,] 10756 --- [restartedMain] o.s.cloud.context.scope.GenericScope     : BeanFactory id=abc29ab2-2b4c-395c-8125-8b2cc630c1df
2020-07-20 08:39:11.332  INFO [users-ws,,,] 10756 --- [restartedMain] faultConfiguringBeanFactoryPostProcessor : No bean named 'errorChannel' has been explicitly defined. Therefore, a default PublishSubscribeChannel will be created.
2020-07-20 08:39:11.338  INFO [users-ws,,,] 10756 --- [restartedMain] faultConfiguringBeanFactoryPostProcessor : No bean named 'taskScheduler' has been explicitly defined. Therefore, a default ThreadPoolTaskScheduler will be created.
2020-07-20 08:39:11.342  INFO [users-ws,,,] 10756 --- [restartedMain] faultConfiguringBeanFactoryPostProcessor : No bean named 'integrationHeaderChannelRegistry' has been explicitly defined. Therefore, a default DefaultHeaderChannelRegistry will be created.
2020-07-20 08:39:11.640  INFO [users-ws,,,] 10756 --- [restartedMain] trationDelegate$BeanPostProcessorChecker : Bean 'integrationChannelResolver' of type [org.springframework.integration.support.channel.BeanFactoryChannelResolver] is not eligible for getting processed by all BeanPostProcessors (for example: not eligible for auto-proxying)
2020-07-20 08:39:11.645  INFO [users-ws,,,] 10756 --- [restartedMain] trationDelegate$BeanPostProcessorChecker : Bean 'integrationDisposableAutoCreatedBeans' of type [org.springframework.integration.config.annotation.Disposables] is not eligible for getting processed by all BeanPostProcessors (for example: not eligible for auto-proxying)
2020-07-20 08:39:11.676  INFO [users-ws,,,] 10756 --- [restartedMain] trationDelegate$BeanPostProcessorChecker : Bean 'org.springframework.integration.config.IntegrationManagementConfiguration' of type [org.springframework.integration.config.IntegrationManagementConfiguration] is not eligible for getting processed by all BeanPostProcessors (for example: not eligible for auto-proxying)
2020-07-20 08:39:11.687  INFO [users-ws,,,] 10756 --- [restartedMain] trationDelegate$BeanPostProcessorChecker : Bean 'org.springframework.boot.autoconfigure.integration.IntegrationAutoConfiguration$IntegrationJmxConfiguration' of type [org.springframework.boot.autoconfigure.integration.IntegrationAutoConfiguration$IntegrationJmxConfiguration] is not eligible for getting processed by all BeanPostProcessors (for example: not eligible for auto-proxying)
2020-07-20 08:39:11.699  INFO [users-ws,,,] 10756 --- [restartedMain] trationDelegate$BeanPostProcessorChecker : Bean 'org.springframework.boot.autoconfigure.jmx.JmxAutoConfiguration' of type [org.springframework.boot.autoconfigure.jmx.JmxAutoConfiguration] is not eligible for getting processed by all BeanPostProcessors (for example: not eligible for auto-proxying)
2020-07-20 08:39:11.704  INFO [users-ws,,,] 10756 --- [restartedMain] trationDelegate$BeanPostProcessorChecker : Bean 'mbeanServer' of type [com.sun.jmx.mbeanserver.JmxMBeanServer] is not eligible for getting processed by all BeanPostProcessors (for example: not eligible for auto-proxying)
2020-07-20 08:39:12.380  INFO [users-ws,,,] 10756 --- [restartedMain] o.s.b.w.embedded.tomcat.TomcatWebServer  : Tomcat initialized with port(s): 0 (http)
2020-07-20 08:39:12.388  INFO [users-ws,,,] 10756 --- [restartedMain] o.apache.catalina.core.StandardService   : Starting service [Tomcat]
2020-07-20 08:39:12.388  INFO [users-ws,,,] 10756 --- [restartedMain] org.apache.catalina.core.StandardEngine  : Starting Servlet engine: [Apache Tomcat/9.0.35]
2020-07-20 08:39:12.500  INFO [users-ws,,,] 10756 --- [restartedMain] o.a.c.c.C.[Tomcat].[localhost].[/]       : Initializing Spring embedded WebApplicationContext
2020-07-20 08:39:12.500  INFO [users-ws,,,] 10756 --- [restartedMain] o.s.web.context.ContextLoader            : Root WebApplicationContext: initialization completed in 3396 ms
2020-07-20 08:39:12.681  WARN [users-ws,,,] 10756 --- [restartedMain] c.n.c.sources.URLConfigurationSource     : No URLs will be polled as dynamic configuration sources.
2020-07-20 08:39:12.681  INFO [users-ws,,,] 10756 --- [restartedMain] c.n.c.sources.URLConfigurationSource     : To enable URLs as dynamic configuration sources, define System property archaius.configurationSource.additionalUrls or make config.properties available on classpath.
2020-07-20 08:39:12.692  INFO [users-ws,,,] 10756 --- [restartedMain] c.netflix.config.DynamicPropertyFactory  : DynamicPropertyFactory is initialized with configuration sources: com.netflix.config.ConcurrentCompositeConfiguration@625ca3aa
2020-07-20 08:39:12.802  INFO [users-ws,,,] 10756 --- [restartedMain] com.zaxxer.hikari.HikariDataSource       : HikariPool-1 - Starting...
2020-07-20 08:39:13.090  INFO [users-ws,,,] 10756 --- [restartedMain] com.zaxxer.hikari.HikariDataSource       : HikariPool-1 - Start completed.
2020-07-20 08:39:13.095  INFO [users-ws,,,] 10756 --- [restartedMain] o.s.b.a.h2.H2ConsoleAutoConfiguration    : H2 console available at '/h2-console'. Database available at 'jdbc:mysql://localhost:3306/photo_app?serverTimezone=UTC'
2020-07-20 08:39:13.529  WARN [users-ws,,,] 10756 --- [restartedMain] o.s.c.s.zipkin2.ZipkinAutoConfiguration  : Check result of the [org.springframework.cloud.sleuth.zipkin2.sender.RestTemplateSender@769084f5] contains an error [CheckResult{ok=false, error=org.springframework.web.client.ResourceAccessException: I/O error on POST request for "http://localhost:9411/api/v2/spans": Connection refused (Connection refused); nested exception is java.net.ConnectException: Connection refused (Connection refused)}]
2020-07-20 08:39:14.432  INFO [users-ws,,,] 10756 --- [restartedMain] o.s.s.c.ThreadPoolTaskScheduler          : Initializing ExecutorService 'taskScheduler'
2020-07-20 08:39:14.930  INFO [users-ws,,,] 10756 --- [restartedMain] o.s.s.concurrent.ThreadPoolTaskExecutor  : Initializing ExecutorService 'applicationTaskExecutor'
2020-07-20 08:39:14.994  INFO [users-ws,,,] 10756 --- [task-1] o.hibernate.jpa.internal.util.LogHelper  : HHH000204: Processing PersistenceUnitInfo [name: default]
2020-07-20 08:39:15.059  INFO [users-ws,,,] 10756 --- [task-1] org.hibernate.Version                    : HHH000412: Hibernate ORM core version 5.4.15.Final
2020-07-20 08:39:15.161  WARN [users-ws,,,] 10756 --- [restartedMain] JpaBaseConfiguration$JpaWebConfiguration : spring.jpa.open-in-view is enabled by default. Therefore, database queries may be performed during view rendering. Explicitly configure spring.jpa.open-in-view to disable this warning
2020-07-20 08:39:15.217  INFO [users-ws,,,] 10756 --- [task-1] o.hibernate.annotations.common.Version   : HCANN000001: Hibernate Commons Annotations {5.1.0.Final}
2020-07-20 08:39:15.283  INFO [users-ws,,,] 10756 --- [restartedMain] o.s.b.d.a.OptionalLiveReloadServer       : LiveReload server is running on port 35729
2020-07-20 08:39:15.296  INFO [users-ws,,,] 10756 --- [restartedMain] DeferredRepositoryInitializationListener : Triggering deferred initialization of Spring Data repositories…
2020-07-20 08:39:15.343  INFO [users-ws,,,] 10756 --- [task-1] org.hibernate.dialect.Dialect            : HHH000400: Using dialect: org.hibernate.dialect.MySQL8Dialect
2020-07-20 08:39:16.000  INFO [users-ws,,,] 10756 --- [task-1] o.h.e.t.j.p.i.JtaPlatformInitiator       : HHH000490: Using JtaPlatform implementation: [org.hibernate.engine.transaction.jta.platform.internal.NoJtaPlatform]
2020-07-20 08:39:16.014  INFO [users-ws,,,] 10756 --- [task-1] j.LocalContainerEntityManagerFactoryBean : Initialized JPA EntityManagerFactory for persistence unit 'default'
2020-07-20 08:39:16.304  INFO [users-ws,,,] 10756 --- [restartedMain] DeferredRepositoryInitializationListener : Spring Data repositories initialized!
2020-07-20 08:39:16.674  INFO [users-ws,,,] 10756 --- [restartedMain] o.s.s.web.DefaultSecurityFilterChain     : Creating filter chain: any request, [org.springframework.security.web.context.request.async.WebAsyncManagerIntegrationFilter@5745386c, org.springframework.security.web.context.SecurityContextPersistenceFilter@10e0a4d, org.springframework.security.web.header.HeaderWriterFilter@3baaf095, org.springframework.security.web.authentication.logout.LogoutFilter@30c5a071, com.pragmaticbitbucket.app.ws.security.AuthenticationFilter@555156db, org.springframework.security.web.savedrequest.RequestCacheAwareFilter@b1d3f96, org.springframework.security.web.servletapi.SecurityContextHolderAwareRequestFilter@70f97b29, org.springframework.security.web.authentication.AnonymousAuthenticationFilter@3b1d482c, org.springframework.security.web.session.SessionManagementFilter@40004a1a, org.springframework.security.web.access.ExceptionTranslationFilter@18e6bbe5, org.springframework.security.web.access.intercept.FilterSecurityInterceptor@2f0d4523]
2020-07-20 08:39:16.734  WARN [users-ws,,,] 10756 --- [restartedMain] c.n.c.sources.URLConfigurationSource     : No URLs will be polled as dynamic configuration sources.
2020-07-20 08:39:16.734  INFO [users-ws,,,] 10756 --- [restartedMain] c.n.c.sources.URLConfigurationSource     : To enable URLs as dynamic configuration sources, define System property archaius.configurationSource.additionalUrls or make config.properties available on classpath.
2020-07-20 08:39:17.442  INFO [users-ws,,,] 10756 --- [restartedMain] onConfiguration$FunctionBindingRegistrar : Functional binding is disabled due to the presense of @EnableBinding annotation in your configuration
2020-07-20 08:39:17.880  WARN [users-ws,,,] 10756 --- [restartedMain] ockingLoadBalancerClientRibbonWarnLogger : You already have RibbonLoadBalancerClient on your classpath. It will be used by default. As Spring Cloud Ribbon is in maintenance mode. We recommend switching to BlockingLoadBalancerClient instead. In order to use it, set the value of `spring.cloud.loadbalancer.ribbon.enabled` to `false` or remove spring-cloud-starter-netflix-ribbon from your project.
2020-07-20 08:39:18.162  INFO [users-ws,,,] 10756 --- [restartedMain] o.s.b.a.e.web.EndpointLinksResolver      : Exposing 1 endpoint(s) beneath base path '/actuator'
2020-07-20 08:39:18.363  INFO [users-ws,,,] 10756 --- [restartedMain] o.s.c.s.m.DirectWithAttributesChannel    : Channel 'application-1.springCloudBusInput' has 1 subscriber(s).
2020-07-20 08:39:18.473  INFO [users-ws,,,] 10756 --- [restartedMain] o.s.i.monitor.IntegrationMBeanExporter   : Registering MessageChannel nullChannel
2020-07-20 08:39:18.491  INFO [users-ws,,,] 10756 --- [restartedMain] o.s.i.monitor.IntegrationMBeanExporter   : Registering MessageChannel springCloudBusInput
2020-07-20 08:39:18.540  INFO [users-ws,,,] 10756 --- [restartedMain] o.s.i.monitor.IntegrationMBeanExporter   : Registering MessageChannel errorChannel
2020-07-20 08:39:18.568  INFO [users-ws,,,] 10756 --- [restartedMain] o.s.i.monitor.IntegrationMBeanExporter   : Registering MessageChannel springCloudBusOutput
2020-07-20 08:39:18.586  INFO [users-ws,,,] 10756 --- [restartedMain] o.s.i.monitor.IntegrationMBeanExporter   : Registering MessageHandler org.springframework.cloud.stream.binding.StreamListenerMessageHandler@47246644
2020-07-20 08:39:18.667  INFO [users-ws,,,] 10756 --- [restartedMain] o.s.i.monitor.IntegrationMBeanExporter   : Registering MessageHandler errorLogger
2020-07-20 08:39:18.704  INFO [users-ws,,,] 10756 --- [restartedMain] o.s.i.endpoint.EventDrivenConsumer       : Adding {logging-channel-adapter:_org.springframework.integration.errorLogger} as a subscriber to the 'errorChannel' channel
2020-07-20 08:39:18.704  INFO [users-ws,,,] 10756 --- [restartedMain] o.s.i.channel.PublishSubscribeChannel    : Channel 'application-1.errorChannel' has 1 subscriber(s).
2020-07-20 08:39:18.704  INFO [users-ws,,,] 10756 --- [restartedMain] o.s.i.endpoint.EventDrivenConsumer       : started bean '_org.springframework.integration.errorLogger'
2020-07-20 08:39:18.706  INFO [users-ws,,,] 10756 --- [restartedMain] o.s.c.s.binder.DefaultBinderFactory      : Creating binder: rabbit
2020-07-20 08:39:18.758  INFO [users-ws,,,] 10756 --- [restartedMain] c.c.c.ConfigServicePropertySourceLocator : Fetching config from server at : http://localhost:8012
2020-07-20 08:39:20.184  INFO [users-ws,,,] 10756 --- [restartedMain] c.c.c.ConfigServicePropertySourceLocator : Located environment: name=users-ws, profiles=[default], label=null, version=b5e203f15686e5ab58a92cf7757f293ce2674982, state=null
2020-07-20 08:39:20.184  INFO [users-ws,,,] 10756 --- [restartedMain] b.c.PropertySourceBootstrapConfiguration : Located property source: [BootstrapPropertySource {name='bootstrapProperties-configClient'}, BootstrapPropertySource {name='bootstrapProperties-https://github.com/alernerdev/PhotoAppConfigurationData/users-ws.properties'}, BootstrapPropertySource {name='bootstrapProperties-https://github.com/alernerdev/PhotoAppConfigurationData/application.properties'}]
2020-07-20 08:39:20.276  INFO [users-ws,,,] 10756 --- [restartedMain] DeferredRepositoryInitializationListener : Triggering deferred initialization of Spring Data repositories…
2020-07-20 08:39:20.278  INFO [users-ws,,,] 10756 --- [restartedMain] DeferredRepositoryInitializationListener : Spring Data repositories initialized!
2020-07-20 08:39:20.283  INFO [users-ws,,,] 10756 --- [restartedMain] o.s.c.s.binder.DefaultBinderFactory      : Caching the binder: rabbit
2020-07-20 08:39:20.283  INFO [users-ws,,,] 10756 --- [restartedMain] o.s.c.s.binder.DefaultBinderFactory      : Retrieving cached binder: rabbit
2020-07-20 08:39:20.385  INFO [users-ws,,,] 10756 --- [restartedMain] o.s.a.r.c.CachingConnectionFactory       : Attempting to connect to: [localhost:5672]
2020-07-20 08:39:20.432  INFO [users-ws,,,] 10756 --- [restartedMain] o.s.a.r.c.CachingConnectionFactory       : Created new connection: rabbitConnectionFactory#f56eb92:0/SimpleConnection@45deb090 [delegate=amqp://guest@127.0.0.1:5672/, localPort= 50395]
2020-07-20 08:39:20.480  INFO [users-ws,,,] 10756 --- [restartedMain] o.s.c.s.m.DirectWithAttributesChannel    : Channel 'application-1.springCloudBusOutput' has 1 subscriber(s).
2020-07-20 08:39:20.493  INFO [users-ws,,,] 10756 --- [restartedMain] o.s.c.s.binder.DefaultBinderFactory      : Retrieving cached binder: rabbit
2020-07-20 08:39:20.553  INFO [users-ws,,,] 10756 --- [restartedMain] c.s.b.r.p.RabbitExchangeQueueProvisioner : declaring queue for inbound: springCloudBus.anonymous.gkDYxkpHSFmnBiPIo0YZOQ, bound to: springCloudBus
2020-07-20 08:39:20.575  INFO [users-ws,,,] 10756 --- [restartedMain] o.s.c.stream.binder.BinderErrorChannel   : Channel 'springCloudBus.anonymous.gkDYxkpHSFmnBiPIo0YZOQ.errors' has 1 subscriber(s).
2020-07-20 08:39:20.575  INFO [users-ws,,,] 10756 --- [restartedMain] o.s.c.stream.binder.BinderErrorChannel   : Channel 'springCloudBus.anonymous.gkDYxkpHSFmnBiPIo0YZOQ.errors' has 2 subscriber(s).
2020-07-20 08:39:20.591  INFO [users-ws,,,] 10756 --- [restartedMain] o.s.i.a.i.AmqpInboundChannelAdapter      : started bean 'inbound.springCloudBus.anonymous.gkDYxkpHSFmnBiPIo0YZOQ'
2020-07-20 08:39:20.633  INFO [users-ws,,,] 10756 --- [restartedMain] o.s.b.w.embedded.tomcat.TomcatWebServer  : Tomcat started on port(s): 50396 (http) with context path ''
2020-07-20 08:39:20.634  INFO [users-ws,,,] 10756 --- [restartedMain] .s.c.n.e.s.EurekaAutoServiceRegistration : Updating port to 50396
2020-07-20 08:39:20.644  INFO [users-ws,,,] 10756 --- [restartedMain] o.s.c.n.eureka.InstanceInfoFactory       : Setting initial instance status as: STARTING
2020-07-20 08:39:20.701  INFO [users-ws,,,] 10756 --- [restartedMain] com.netflix.discovery.DiscoveryClient    : Initializing Eureka in region us-east-1
2020-07-20 08:39:20.760  INFO [users-ws,,,] 10756 --- [restartedMain] c.n.d.provider.DiscoveryJerseyProvider   : Using JSON encoding codec LegacyJacksonJson
2020-07-20 08:39:20.761  INFO [users-ws,,,] 10756 --- [restartedMain] c.n.d.provider.DiscoveryJerseyProvider   : Using JSON decoding codec LegacyJacksonJson
2020-07-20 08:39:20.870  INFO [users-ws,,,] 10756 --- [restartedMain] c.n.d.provider.DiscoveryJerseyProvider   : Using XML encoding codec XStreamXml
2020-07-20 08:39:20.870  INFO [users-ws,,,] 10756 --- [restartedMain] c.n.d.provider.DiscoveryJerseyProvider   : Using XML decoding codec XStreamXml
2020-07-20 08:39:21.039  INFO [users-ws,,,] 10756 --- [restartedMain] c.n.d.s.r.aws.ConfigClusterResolver      : Resolving eureka endpoints via configuration
2020-07-20 08:39:21.057  INFO [users-ws,,,] 10756 --- [restartedMain] com.netflix.discovery.DiscoveryClient    : Disable delta property : false
2020-07-20 08:39:21.057  INFO [users-ws,,,] 10756 --- [restartedMain] com.netflix.discovery.DiscoveryClient    : Single vip registry refresh property : null
2020-07-20 08:39:21.057  INFO [users-ws,,,] 10756 --- [restartedMain] com.netflix.discovery.DiscoveryClient    : Force full registry fetch : false
2020-07-20 08:39:21.057  INFO [users-ws,,,] 10756 --- [restartedMain] com.netflix.discovery.DiscoveryClient    : Application is null : false
2020-07-20 08:39:21.057  INFO [users-ws,,,] 10756 --- [restartedMain] com.netflix.discovery.DiscoveryClient    : Registered Applications size is zero : true
2020-07-20 08:39:21.057  INFO [users-ws,,,] 10756 --- [restartedMain] com.netflix.discovery.DiscoveryClient    : Application version is -1: true
2020-07-20 08:39:21.057  INFO [users-ws,,,] 10756 --- [restartedMain] com.netflix.discovery.DiscoveryClient    : Getting all instance registry info from the eureka server
2020-07-20 08:39:21.288  INFO [users-ws,,,] 10756 --- [restartedMain] com.netflix.discovery.DiscoveryClient    : The response status is 200
2020-07-20 08:39:21.290  INFO [users-ws,,,] 10756 --- [restartedMain] com.netflix.discovery.DiscoveryClient    : Starting heartbeat executor: renew interval is: 30
2020-07-20 08:39:21.292  INFO [users-ws,,,] 10756 --- [restartedMain] c.n.discovery.InstanceInfoReplicator     : InstanceInfoReplicator onDemand update allowed rate per min is 4
2020-07-20 08:39:21.296  INFO [users-ws,,,] 10756 --- [restartedMain] com.netflix.discovery.DiscoveryClient    : Discovery Client initialized at timestamp 1595248761295 with initial instances count: 1
2020-07-20 08:39:21.307  INFO [users-ws,,,] 10756 --- [restartedMain] o.s.c.n.e.s.EurekaServiceRegistry        : Registering application USERS-WS with eureka with status UP
2020-07-20 08:39:21.308  INFO [users-ws,,,] 10756 --- [restartedMain] com.netflix.discovery.DiscoveryClient    : Saw local status change event StatusChangeEvent [timestamp=1595248761308, current=UP, previous=STARTING]
2020-07-20 08:39:21.310  INFO [users-ws,,,] 10756 --- [DiscoveryClient-InstanceInfoReplicator-0] com.netflix.discovery.DiscoveryClient    : DiscoveryClient_USERS-WS/users-ws:a84b0dd5fc551fb9d3016e398cbdebe5: registering service...
2020-07-20 08:39:21.314  INFO [users-ws,,,] 10756 --- [restartedMain] DeferredRepositoryInitializationListener : Triggering deferred initialization of Spring Data repositories…
2020-07-20 08:39:21.315  INFO [users-ws,,,] 10756 --- [restartedMain] DeferredRepositoryInitializationListener : Spring Data repositories initialized!
2020-07-20 08:39:21.362  INFO [users-ws,,,] 10756 --- [DiscoveryClient-InstanceInfoReplicator-0] com.netflix.discovery.DiscoveryClient    : DiscoveryClient_USERS-WS/users-ws:a84b0dd5fc551fb9d3016e398cbdebe5 - registration status: 204
2020-07-20 08:39:21.373  INFO [users-ws,,,] 10756 --- [restartedMain] o.s.i.monitor.IntegrationMBeanExporter   : Registering MessageChannel springCloudBus.anonymous.gkDYxkpHSFmnBiPIo0YZOQ.errors
2020-07-20 08:39:21.495  INFO [users-ws,,,] 10756 --- [restartedMain] c.p.app.ws.MobileAppWsApplication        : Started MobileAppWsApplication in 14.066 seconds (JVM running for 15.182)
2020-07-20 08:39:21.764  INFO [users-ws,,,] 10756 --- [RMI TCP Connection(5)-192.168.1.16] o.a.c.c.C.[Tomcat].[localhost].[/]       : Initializing Spring DispatcherServlet 'dispatcherServlet'
2020-07-20 08:39:21.765  INFO [users-ws,,,] 10756 --- [RMI TCP Connection(5)-192.168.1.16] o.s.web.servlet.DispatcherServlet        : Initializing Servlet 'dispatcherServlet'
2020-07-20 08:39:21.775  INFO [users-ws,,,] 10756 --- [RMI TCP Connection(6)-192.168.1.16] c.c.c.ConfigServicePropertySourceLocator : Fetching config from server at : http://localhost:8012
2020-07-20 08:39:21.782  INFO [users-ws,,,] 10756 --- [RMI TCP Connection(5)-192.168.1.16] o.s.web.servlet.DispatcherServlet        : Completed initialization in 17 ms
2020-07-20 08:39:22.288  INFO [users-ws,,,] 10756 --- [RMI TCP Connection(6)-192.168.1.16] c.c.c.ConfigServicePropertySourceLocator : Located environment: name=users-ws, profiles=[default], label=null, version=b5e203f15686e5ab58a92cf7757f293ce2674982, state=null
2020-07-20 08:41:03.620  INFO [users-ws,,,] 10756 --- [SpringContextShutdownHook] o.s.c.n.e.s.EurekaServiceRegistry        : Unregistering application USERS-WS with eureka with status DOWN
2020-07-20 08:41:03.620  WARN [users-ws,,,] 10756 --- [SpringContextShutdownHook] com.netflix.discovery.DiscoveryClient    : Saw local status change event StatusChangeEvent [timestamp=1595248863620, current=DOWN, previous=UP]
2020-07-20 08:41:03.621  INFO [users-ws,,,] 10756 --- [DiscoveryClient-InstanceInfoReplicator-0] com.netflix.discovery.DiscoveryClient    : DiscoveryClient_USERS-WS/users-ws:a84b0dd5fc551fb9d3016e398cbdebe5: registering service...
2020-07-20 08:41:03.629  INFO [users-ws,,,] 10756 --- [DiscoveryClient-InstanceInfoReplicator-0] com.netflix.discovery.DiscoveryClient    : DiscoveryClient_USERS-WS/users-ws:a84b0dd5fc551fb9d3016e398cbdebe5 - registration status: 204
2020-07-20 08:41:03.662  INFO [users-ws,,,] 10756 --- [SpringContextShutdownHook] o.s.a.r.l.SimpleMessageListenerContainer : Waiting for workers to finish.
2020-07-20 08:41:03.886  INFO [users-ws,,,] 10756 --- [SpringContextShutdownHook] o.s.a.r.l.SimpleMessageListenerContainer : Successfully waited for workers to finish.
2020-07-20 08:41:03.886  INFO [users-ws,,,] 10756 --- [SpringContextShutdownHook] o.s.i.a.i.AmqpInboundChannelAdapter      : stopped bean 'inbound.springCloudBus.anonymous.gkDYxkpHSFmnBiPIo0YZOQ'
2020-07-20 08:41:03.897  INFO [users-ws,,,] 10756 --- [SpringContextShutdownHook] o.s.c.stream.binder.BinderErrorChannel   : Channel 'application-1.springCloudBus.anonymous.gkDYxkpHSFmnBiPIo0YZOQ.errors' has 1 subscriber(s).
2020-07-20 08:41:03.899  INFO [users-ws,,,] 10756 --- [SpringContextShutdownHook] o.s.c.stream.binder.BinderErrorChannel   : Channel 'application-1.springCloudBus.anonymous.gkDYxkpHSFmnBiPIo0YZOQ.errors' has 0 subscriber(s).
2020-07-20 08:41:03.909  INFO [users-ws,,,] 10756 --- [SpringContextShutdownHook] o.s.i.endpoint.EventDrivenConsumer       : Removing {logging-channel-adapter:_org.springframework.integration.errorLogger} as a subscriber to the 'errorChannel' channel
2020-07-20 08:41:03.910  INFO [users-ws,,,] 10756 --- [SpringContextShutdownHook] o.s.i.channel.PublishSubscribeChannel    : Channel 'application-1.errorChannel' has 0 subscriber(s).
2020-07-20 08:41:03.912  INFO [users-ws,,,] 10756 --- [SpringContextShutdownHook] o.s.i.endpoint.EventDrivenConsumer       : stopped bean '_org.springframework.integration.errorLogger'
2020-07-20 08:41:03.967  INFO [users-ws,,,] 10756 --- [SpringContextShutdownHook] j.LocalContainerEntityManagerFactoryBean : Closing JPA EntityManagerFactory for persistence unit 'default'
2020-07-20 08:41:03.971  INFO [users-ws,,,] 10756 --- [SpringContextShutdownHook] o.s.s.concurrent.ThreadPoolTaskExecutor  : Shutting down ExecutorService 'applicationTaskExecutor'
2020-07-20 08:41:03.978  INFO [users-ws,,,] 10756 --- [SpringContextShutdownHook] o.s.s.c.ThreadPoolTaskScheduler          : Shutting down ExecutorService 'taskScheduler'
2020-07-20 08:41:04.995  INFO [users-ws,,,] 10756 --- [SpringContextShutdownHook] com.zaxxer.hikari.HikariDataSource       : HikariPool-1 - Shutdown initiated...
2020-07-20 08:41:05.005  INFO [users-ws,,,] 10756 --- [SpringContextShutdownHook] com.zaxxer.hikari.HikariDataSource       : HikariPool-1 - Shutdown completed.
2020-07-20 08:41:05.006  INFO [users-ws,,,] 10756 --- [SpringContextShutdownHook] o.s.i.monitor.IntegrationMBeanExporter   : Summary on shutdown: nullChannel
2020-07-20 08:41:05.006  INFO [users-ws,,,] 10756 --- [SpringContextShutdownHook] o.s.i.monitor.IntegrationMBeanExporter   : Summary on shutdown: bean 'springCloudBusInput'
2020-07-20 08:41:05.006  INFO [users-ws,,,] 10756 --- [SpringContextShutdownHook] o.s.i.monitor.IntegrationMBeanExporter   : Summary on shutdown: bean 'errorChannel'
2020-07-20 08:41:05.006  INFO [users-ws,,,] 10756 --- [SpringContextShutdownHook] o.s.i.monitor.IntegrationMBeanExporter   : Summary on shutdown: bean 'springCloudBusOutput'
2020-07-20 08:41:05.006  INFO [users-ws,,,] 10756 --- [SpringContextShutdownHook] o.s.i.monitor.IntegrationMBeanExporter   : Summary on shutdown: org.springframework.cloud.stream.binding.StreamListenerMessageHandler@47246644
2020-07-20 08:41:05.006  INFO [users-ws,,,] 10756 --- [SpringContextShutdownHook] o.s.i.monitor.IntegrationMBeanExporter   : Summary on shutdown: bean '_org.springframework.integration.errorLogger.handler' for component '_org.springframework.integration.errorLogger'
2020-07-20 08:41:05.007  INFO [users-ws,,,] 10756 --- [SpringContextShutdownHook] com.netflix.discovery.DiscoveryClient    : Shutting down DiscoveryClient ...
2020-07-20 08:41:08.009  INFO [users-ws,,,] 10756 --- [SpringContextShutdownHook] com.netflix.discovery.DiscoveryClient    : Unregistering ...
2020-07-20 08:41:08.016  INFO [users-ws,,,] 10756 --- [SpringContextShutdownHook] com.netflix.discovery.DiscoveryClient    : DiscoveryClient_USERS-WS/users-ws:a84b0dd5fc551fb9d3016e398cbdebe5 - deregister  status: 200
2020-07-20 08:41:08.027  INFO [users-ws,,,] 10756 --- [SpringContextShutdownHook] com.netflix.discovery.DiscoveryClient    : Completed shut down of DiscoveryClient
